2013/11/25 17:11:13 [emerg] 90528#0: tconf is null in /Users/alex/Programming/openresty/hw/conf/nginx.conf:18
2013/11/25 17:26:42 [emerg] 93291#0: tconf is null in /Users/alex/Programming/openresty/hw/conf/nginx.conf:18
2013/11/25 17:29:39 [emerg] 97412#0: tconf is null in /Users/alex/Programming/openresty/hw/conf/nginx.conf:18
2013/11/25 17:31:20 [emerg] 97422#0: tconf is null in /Users/alex/Programming/openresty/hw/conf/nginx.conf:18
2013/11/26 09:38:11 [emerg] 22965#0: tconf is null in /Users/alex/Programming/openresty/hw/conf/nginx.conf:18
2013/11/26 09:38:37 [emerg] 23318#0: here in /Users/alex/Programming/openresty/hw/conf/nginx.conf:18
2013/11/26 09:38:37 [emerg] 23318#0: tconf is null in /Users/alex/Programming/openresty/hw/conf/nginx.conf:18
2013/11/26 10:13:30 [emerg] 40566#0: worker_processes command name in /Users/alex/Programming/openresty/hw/conf/nginx.conf:1
2013/11/26 10:13:30 [emerg] 40566#0: error_log command name in /Users/alex/Programming/openresty/hw/conf/nginx.conf:2
2013/11/26 10:13:30 [emerg] 40566#0: events command name in /Users/alex/Programming/openresty/hw/conf/nginx.conf:4
2013/11/26 10:13:30 [emerg] 40566#0: worker_connections command name in /Users/alex/Programming/openresty/hw/conf/nginx.conf:5
2013/11/26 10:13:30 [emerg] 40566#0: worker_rlimit_core command name in /Users/alex/Programming/openresty/hw/conf/nginx.conf:8
2013/11/26 10:13:30 [emerg] 40566#0: working_directory command name in /Users/alex/Programming/openresty/hw/conf/nginx.conf:9
2013/11/26 10:13:30 [emerg] 40566#0: http command name in /Users/alex/Programming/openresty/hw/conf/nginx.conf:12
2013/11/26 10:13:30 [emerg] 40566#0: server command name in /Users/alex/Programming/openresty/hw/conf/nginx.conf:13
2013/11/26 10:13:30 [emerg] 40566#0: listen command name in /Users/alex/Programming/openresty/hw/conf/nginx.conf:14
2013/11/26 10:13:30 [emerg] 40566#0: location command name in /Users/alex/Programming/openresty/hw/conf/nginx.conf:16
2013/11/26 10:13:30 [emerg] 40566#0: default_type command name in /Users/alex/Programming/openresty/hw/conf/nginx.conf:17
2013/11/26 10:13:30 [emerg] 40566#0: execute_fast_tim command name in /Users/alex/Programming/openresty/hw/conf/nginx.conf:18
2013/11/26 10:13:30 [emerg] 40566#0: here in /Users/alex/Programming/openresty/hw/conf/nginx.conf:18
2013/11/26 10:13:30 [emerg] 40566#0: tconf is null in /Users/alex/Programming/openresty/hw/conf/nginx.conf:18
2013/11/26 10:13:47 [emerg] 40835#0: worker_processes command name, 0 in /Users/alex/Programming/openresty/hw/conf/nginx.conf:1
2013/11/26 10:13:47 [emerg] 40835#0: error_log command name, 1 in /Users/alex/Programming/openresty/hw/conf/nginx.conf:2
2013/11/26 10:13:47 [emerg] 40835#0: events command name, 3 in /Users/alex/Programming/openresty/hw/conf/nginx.conf:4
2013/11/26 10:13:47 [emerg] 40835#0: worker_connections command name, 4 in /Users/alex/Programming/openresty/hw/conf/nginx.conf:5
2013/11/26 10:13:47 [emerg] 40835#0: worker_rlimit_core command name, 0 in /Users/alex/Programming/openresty/hw/conf/nginx.conf:8
2013/11/26 10:13:47 [emerg] 40835#0: working_directory command name, 0 in /Users/alex/Programming/openresty/hw/conf/nginx.conf:9
2013/11/26 10:13:47 [emerg] 40835#0: http command name, 7 in /Users/alex/Programming/openresty/hw/conf/nginx.conf:12
2013/11/26 10:13:47 [emerg] 40835#0: server command name, 8 in /Users/alex/Programming/openresty/hw/conf/nginx.conf:13
2013/11/26 10:13:47 [emerg] 40835#0: listen command name, 8 in /Users/alex/Programming/openresty/hw/conf/nginx.conf:14
2013/11/26 10:13:47 [emerg] 40835#0: location command name, 8 in /Users/alex/Programming/openresty/hw/conf/nginx.conf:16
2013/11/26 10:13:47 [emerg] 40835#0: default_type command name, 8 in /Users/alex/Programming/openresty/hw/conf/nginx.conf:17
2013/11/26 10:13:47 [emerg] 40835#0: execute_fast_tim command name, 34 in /Users/alex/Programming/openresty/hw/conf/nginx.conf:18
2013/11/26 10:13:47 [emerg] 40835#0: here in /Users/alex/Programming/openresty/hw/conf/nginx.conf:18
2013/11/26 10:13:47 [emerg] 40835#0: tconf is null in /Users/alex/Programming/openresty/hw/conf/nginx.conf:18
2013/11/26 10:14:24 [emerg] 41297#0: worker_processes command name, 0 in /Users/alex/Programming/openresty/hw/conf/nginx.conf:1
2013/11/26 10:14:24 [emerg] 41297#0: error_log command name, 1 in /Users/alex/Programming/openresty/hw/conf/nginx.conf:2
2013/11/26 10:14:24 [emerg] 41297#0: events command name, 3 in /Users/alex/Programming/openresty/hw/conf/nginx.conf:4
2013/11/26 10:14:24 [emerg] 41297#0: worker_connections command name, 4 in /Users/alex/Programming/openresty/hw/conf/nginx.conf:5
2013/11/26 10:14:24 [emerg] 41297#0: worker_rlimit_core command name, 0 in /Users/alex/Programming/openresty/hw/conf/nginx.conf:8
2013/11/26 10:14:24 [emerg] 41297#0: working_directory command name, 0 in /Users/alex/Programming/openresty/hw/conf/nginx.conf:9
2013/11/26 10:14:24 [emerg] 41297#0: http command name, 7 in /Users/alex/Programming/openresty/hw/conf/nginx.conf:12
2013/11/26 10:14:24 [emerg] 41297#0: server command name, 8 in /Users/alex/Programming/openresty/hw/conf/nginx.conf:13
2013/11/26 10:14:24 [emerg] 41297#0: listen command name, 8 in /Users/alex/Programming/openresty/hw/conf/nginx.conf:14
2013/11/26 10:14:24 [emerg] 41297#0: location command name, 8 in /Users/alex/Programming/openresty/hw/conf/nginx.conf:16
2013/11/26 10:14:24 [emerg] 41297#0: default_type command name, 8 in /Users/alex/Programming/openresty/hw/conf/nginx.conf:17
2013/11/26 10:14:24 [emerg] 41297#0: execute_fast_tim command name, 34 in /Users/alex/Programming/openresty/hw/conf/nginx.conf:18
2013/11/26 10:14:24 [emerg] 41297#0: here in /Users/alex/Programming/openresty/hw/conf/nginx.conf:18
2013/11/26 10:14:24 [emerg] 41297#0: final thing is null in /Users/alex/Programming/openresty/hw/conf/nginx.conf:18
2013/11/26 10:14:24 [emerg] 41297#0: tconf is null in /Users/alex/Programming/openresty/hw/conf/nginx.conf:18
2013/11/26 10:15:53 [emerg] 42280#0: worker_connections command name, index: 0 in /Users/alex/Programming/openresty/hw/conf/nginx.conf:5
2013/11/26 10:15:53 [emerg] 42280#0: server command name, index: 0 in /Users/alex/Programming/openresty/hw/conf/nginx.conf:13
2013/11/26 10:15:53 [emerg] 42280#0: listen command name, index: 0 in /Users/alex/Programming/openresty/hw/conf/nginx.conf:14
2013/11/26 10:15:53 [emerg] 42280#0: location command name, index: 0 in /Users/alex/Programming/openresty/hw/conf/nginx.conf:16
2013/11/26 10:15:53 [emerg] 42280#0: default_type command name, index: 0 in /Users/alex/Programming/openresty/hw/conf/nginx.conf:17
2013/11/26 10:15:53 [emerg] 42280#0: execute_fast_tim command name, index: 26 in /Users/alex/Programming/openresty/hw/conf/nginx.conf:18
2013/11/26 10:15:53 [emerg] 42280#0: here in /Users/alex/Programming/openresty/hw/conf/nginx.conf:18
2013/11/26 10:15:53 [emerg] 42280#0: final thing is null in /Users/alex/Programming/openresty/hw/conf/nginx.conf:18
2013/11/26 10:15:53 [emerg] 42280#0: tconf is null in /Users/alex/Programming/openresty/hw/conf/nginx.conf:18
2013/11/26 10:21:41 [emerg] 47031#0: worker_connections command name, index: 0 in /Users/alex/Programming/openresty/hw/conf/nginx.conf:5
2013/11/26 10:21:41 [emerg] 47031#0: server command name, index: 0 in /Users/alex/Programming/openresty/hw/conf/nginx.conf:13
2013/11/26 10:21:41 [emerg] 47031#0: listen command name, index: 0 in /Users/alex/Programming/openresty/hw/conf/nginx.conf:14
2013/11/26 10:21:41 [emerg] 47031#0: location command name, index: 0 in /Users/alex/Programming/openresty/hw/conf/nginx.conf:16
2013/11/26 10:21:41 [emerg] 47031#0: default_type command name, index: 0 in /Users/alex/Programming/openresty/hw/conf/nginx.conf:17
2013/11/26 10:21:41 [emerg] 47031#0: execute_fast_tim command name, index: 26 in /Users/alex/Programming/openresty/hw/conf/nginx.conf:18
